<?xml version="1.0" encoding="utf-8"?><testsuites name="pytest tests"><testsuite name="pytest" errors="0" failures="0" skipped="0" tests="9" time="1.154" timestamp="2026-05-03T12:22:48.813931-07:00" hostname="DESKTOP-US8H9F3"><testcase classname="test_dropped_camera_gate" name="test_alive_camera_passes_through" time="0.001" /><testcase classname="test_dropped_camera_gate" name="test_alive_camera_does_not_touch_already_logged" time="0.001" /><testcase classname="test_dropped_camera_gate" name="test_dropped_camera_first_sample_returns_recovery_message" time="0.001" /><testcase classname="test_dropped_camera_gate" name="test_dropped_camera_first_sample_marks_already_logged" time="0.001" /><testcase classname="test_dropped_camera_gate" name="test_dropped_camera_second_sample_silent" time="0.002" /><testcase classname="test_dropped_camera_gate" name="test_dropped_camera_repeated_calls_log_only_once" time="0.001" /><testcase classname="test_dropped_camera_gate" name="test_separate_dropped_cameras_each_log_once" time="0.001" /><testcase classname="test_dropped_camera_gate" name="test_cam_id_accepts_numeric_strings" time="0.001" /><testcase classname="test_dropped_camera_gate" name="test_cam_id_one_indexed_in_message" time="0.001" /></testsuite></testsuites>